<?xml version="1.0" encoding="UTF-8" ?>
<testsuite failures="0" time="0.01" errors="0" skipped="0" tests="2" name="com.anucana.web.controllers.LoginControllerTest">
  <properties>
    <property name="java.runtime.name" value="Java(TM) SE Runtime Environment"/>
    <property name="sun.boot.library.path" value="F:\java\jdk1.6.0_41\jre\bin"/>
    <property name="java.vm.version" value="20.14-b01"/>
    <property name="java.vm.vendor" value="Sun Microsystems Inc."/>
    <property name="java.vendor.url" value="http://java.sun.com/"/>
    <property name="path.separator" value=";"/>
    <property name="java.vm.name" value="Java HotSpot(TM) 64-Bit Server VM"/>
    <property name="file.encoding.pkg" value="sun.io"/>
    <property name="user.country" value="US"/>
    <property name="sun.java.launcher" value="SUN_STANDARD"/>
    <property name="sun.os.patch.level" value="Service Pack 1"/>
    <property name="java.vm.specification.name" value="Java Virtual Machine Specification"/>
    <property name="user.dir" value="D:\ANUCANA\WORK-SPACE\anucana-codebase\codebase\web"/>
    <property name="java.runtime.version" value="1.6.0_41-b02"/>
    <property name="java.awt.graphicsenv" value="sun.awt.Win32GraphicsEnvironment"/>
    <property name="basedir" value="D:\ANUCANA\WORK-SPACE\anucana-codebase\codebase\web"/>
    <property name="java.endorsed.dirs" value="F:\java\jdk1.6.0_41\jre\lib\endorsed"/>
    <property name="os.arch" value="amd64"/>
    <property name="surefire.real.class.path" value="C:\Users\ASRIVA~1\AppData\Local\Temp\surefirebooter1396588194209499323.jar"/>
    <property name="java.io.tmpdir" value="C:\Users\ASRIVA~1\AppData\Local\Temp\"/>
    <property name="line.separator" value="
"/>
    <property name="java.vm.specification.vendor" value="Sun Microsystems Inc."/>
    <property name="user.variant" value=""/>
    <property name="os.name" value="Windows 7"/>
    <property name="sun.jnu.encoding" value="Cp1252"/>
    <property name="java.library.path" value="F:\java\jdk1.6.0_41\jre\bin;C:\Windows\Sun\Java\bin;C:\Windows\system32;C:\Windows;F:\java\jdk1.6.0_41\bin;F:\oraclexe\app\oracle\product\10.2.0\server\bin;C:\Windows\system32;C:\Windows;C:\Windows\System32\Wbem;C:\Windows\System32\WindowsPowerShell\v1.0\;C:\Program Files (x86)\ATI Technologies\ATI.ACE\Core-Static;c:\Program Files (x86)\Microsoft SQL Server\100\Tools\Binn\;c:\Program Files (x86)\Microsoft SQL Server\100\DTS\Binn\;c:\Program Files (x86)\Microsoft SQL Server\100\Tools\Binn\VSShell\Common7\IDE\;F:\Program Files\TortoiseSVN\bin;F:\java\apache-maven-3.0.4\bin;F:\java\apache-ant-1.9.1\bin;F:\Program Files\MySQL\MySQL Server 5.6\bin;;."/>
    <property name="surefire.test.class.path" value="D:\ANUCANA\WORK-SPACE\anucana-codebase\codebase\web\target\test-classes;D:\ANUCANA\WORK-SPACE\anucana-codebase\codebase\web\target\classes;D:\ANUCANA\WORK-SPACE\anucana-codebase\codebase\common\target\common-1.0-SNAPSHOT.jar;F:\repository\org\hibernate\hibernate-validator\4.2.0.Final\hibernate-validator-4.2.0.Final.jar;F:\repository\javax\validation\validation-api\1.0.0.GA\validation-api-1.0.0.GA.jar;F:\repository\org\slf4j\slf4j-api\1.6.1\slf4j-api-1.6.1.jar;D:\ANUCANA\WORK-SPACE\anucana-codebase\codebase\business\target\business-1.0-SNAPSHOT.jar;F:\repository\org\hibernate\hibernate-entitymanager\3.6.10.Final\hibernate-entitymanager-3.6.10.Final.jar;F:\repository\cglib\cglib\2.2\cglib-2.2.jar;F:\repository\asm\asm\3.1\asm-3.1.jar;F:\repository\javassist\javassist\3.12.0.GA\javassist-3.12.0.GA.jar;F:\repository\org\hibernate\javax\persistence\hibernate-jpa-2.0-api\1.0.1.Final\hibernate-jpa-2.0-api-1.0.1.Final.jar;F:\repository\org\hibernate\hibernate-core\3.6.10.Final\hibernate-core-3.6.10.Final.jar;F:\repository\dom4j\dom4j\1.6.1\dom4j-1.6.1.jar;F:\repository\org\hibernate\hibernate-commons-annotations\3.2.0.Final\hibernate-commons-annotations-3.2.0.Final.jar;F:\repository\javax\transaction\jta\1.1\jta-1.1.jar;F:\repository\net\sf\ehcache\ehcache-core\2.2.0\ehcache-core-2.2.0.jar;F:\repository\antlr\antlr\2.7.7\antlr-2.7.7.jar;F:\repository\org\freemarker\freemarker\2.3.14\freemarker-2.3.14.jar;F:\repository\net\java\dev\jets3t\jets3t\0.9.0\jets3t-0.9.0.jar;F:\repository\commons-codec\commons-codec\1.4\commons-codec-1.4.jar;F:\repository\org\apache\httpcomponents\httpclient\4.1.2\httpclient-4.1.2.jar;F:\repository\org\apache\httpcomponents\httpcore\4.1.2\httpcore-4.1.2.jar;F:\repository\com\jamesmurty\utils\java-xmlbuilder\0.4\java-xmlbuilder-0.4.jar;F:\repository\org\springframework\spring-web\3.2.8.RELEASE\spring-web-3.2.8.RELEASE.jar;F:\repository\org\springframework\spring-aop\3.2.8.RELEASE\spring-aop-3.2.8.RELEASE.jar;F:\repository\org\springframework\spring-beans\3.2.8.RELEASE\spring-beans-3.2.8.RELEASE.jar;F:\repository\org\springframework\spring-webmvc\3.2.8.RELEASE\spring-webmvc-3.2.8.RELEASE.jar;F:\repository\org\springframework\spring-expression\3.2.8.RELEASE\spring-expression-3.2.8.RELEASE.jar;F:\repository\org\springframework\spring-jdbc\3.2.8.RELEASE\spring-jdbc-3.2.8.RELEASE.jar;F:\repository\org\springframework\spring-tx\3.2.8.RELEASE\spring-tx-3.2.8.RELEASE.jar;F:\repository\org\springframework\security\spring-security-core\3.2.3.RELEASE\spring-security-core-3.2.3.RELEASE.jar;F:\repository\aopalliance\aopalliance\1.0\aopalliance-1.0.jar;F:\repository\org\springframework\security\spring-security-web\3.2.3.RELEASE\spring-security-web-3.2.3.RELEASE.jar;F:\repository\org\springframework\security\spring-security-config\3.2.3.RELEASE\spring-security-config-3.2.3.RELEASE.jar;F:\repository\org\springframework\security\spring-security-taglibs\3.2.3.RELEASE\spring-security-taglibs-3.2.3.RELEASE.jar;F:\repository\org\springframework\security\spring-security-acl\3.2.3.RELEASE\spring-security-acl-3.2.3.RELEASE.jar;F:\repository\commons-fileupload\commons-fileupload\1.2.2\commons-fileupload-1.2.2.jar;F:\repository\javax\servlet\jstl\1.2\jstl-1.2.jar;F:\repository\org\codehaus\jackson\jackson-mapper-asl\1.9.10\jackson-mapper-asl-1.9.10.jar;F:\repository\org\codehaus\jackson\jackson-core-asl\1.9.10\jackson-core-asl-1.9.10.jar;F:\repository\org\imgscalr\imgscalr-lib\4.2\imgscalr-lib-4.2.jar;F:\repository\javax\servlet\servlet-api\2.5\servlet-api-2.5.jar;F:\repository\org\apache\commons\commons-lang3\3.1\commons-lang3-3.1.jar;F:\repository\commons-collections\commons-collections\3.2\commons-collections-3.2.jar;F:\repository\commons-io\commons-io\1.3.2\commons-io-1.3.2.jar;F:\repository\commons-beanutils\commons-beanutils\1.9.1\commons-beanutils-1.9.1.jar;F:\repository\commons-logging\commons-logging\1.1.1\commons-logging-1.1.1.jar;F:\repository\org\springframework\spring-core\3.2.8.RELEASE\spring-core-3.2.8.RELEASE.jar;F:\repository\org\springframework\spring-context\3.2.8.RELEASE\spring-context-3.2.8.RELEASE.jar;F:\repository\org\springframework\spring-context-support\3.2.8.RELEASE\spring-context-support-3.2.8.RELEASE.jar;F:\repository\org\springframework\spring-orm\3.2.8.RELEASE\spring-orm-3.2.8.RELEASE.jar;F:\repository\junit\junit\4.10\junit-4.10.jar;F:\repository\org\hamcrest\hamcrest-core\1.1\hamcrest-core-1.1.jar;F:\repository\org\mockito\mockito-all\1.9.5\mockito-all-1.9.5.jar;"/>
    <property name="java.specification.name" value="Java Platform API Specification"/>
    <property name="java.class.version" value="50.0"/>
    <property name="sun.management.compiler" value="HotSpot 64-Bit Tiered Compilers"/>
    <property name="os.version" value="6.1"/>
    <property name="user.home" value="C:\Users\asrivastava"/>
    <property name="user.timezone" value=""/>
    <property name="java.awt.printerjob" value="sun.awt.windows.WPrinterJob"/>
    <property name="java.specification.version" value="1.6"/>
    <property name="file.encoding" value="Cp1252"/>
    <property name="user.name" value="asrivastava"/>
    <property name="java.class.path" value="D:\ANUCANA\WORK-SPACE\anucana-codebase\codebase\web\target\test-classes;D:\ANUCANA\WORK-SPACE\anucana-codebase\codebase\web\target\classes;D:\ANUCANA\WORK-SPACE\anucana-codebase\codebase\common\target\common-1.0-SNAPSHOT.jar;F:\repository\org\hibernate\hibernate-validator\4.2.0.Final\hibernate-validator-4.2.0.Final.jar;F:\repository\javax\validation\validation-api\1.0.0.GA\validation-api-1.0.0.GA.jar;F:\repository\org\slf4j\slf4j-api\1.6.1\slf4j-api-1.6.1.jar;D:\ANUCANA\WORK-SPACE\anucana-codebase\codebase\business\target\business-1.0-SNAPSHOT.jar;F:\repository\org\hibernate\hibernate-entitymanager\3.6.10.Final\hibernate-entitymanager-3.6.10.Final.jar;F:\repository\cglib\cglib\2.2\cglib-2.2.jar;F:\repository\asm\asm\3.1\asm-3.1.jar;F:\repository\javassist\javassist\3.12.0.GA\javassist-3.12.0.GA.jar;F:\repository\org\hibernate\javax\persistence\hibernate-jpa-2.0-api\1.0.1.Final\hibernate-jpa-2.0-api-1.0.1.Final.jar;F:\repository\org\hibernate\hibernate-core\3.6.10.Final\hibernate-core-3.6.10.Final.jar;F:\repository\dom4j\dom4j\1.6.1\dom4j-1.6.1.jar;F:\repository\org\hibernate\hibernate-commons-annotations\3.2.0.Final\hibernate-commons-annotations-3.2.0.Final.jar;F:\repository\javax\transaction\jta\1.1\jta-1.1.jar;F:\repository\net\sf\ehcache\ehcache-core\2.2.0\ehcache-core-2.2.0.jar;F:\repository\antlr\antlr\2.7.7\antlr-2.7.7.jar;F:\repository\org\freemarker\freemarker\2.3.14\freemarker-2.3.14.jar;F:\repository\net\java\dev\jets3t\jets3t\0.9.0\jets3t-0.9.0.jar;F:\repository\commons-codec\commons-codec\1.4\commons-codec-1.4.jar;F:\repository\org\apache\httpcomponents\httpclient\4.1.2\httpclient-4.1.2.jar;F:\repository\org\apache\httpcomponents\httpcore\4.1.2\httpcore-4.1.2.jar;F:\repository\com\jamesmurty\utils\java-xmlbuilder\0.4\java-xmlbuilder-0.4.jar;F:\repository\org\springframework\spring-web\3.2.8.RELEASE\spring-web-3.2.8.RELEASE.jar;F:\repository\org\springframework\spring-aop\3.2.8.RELEASE\spring-aop-3.2.8.RELEASE.jar;F:\repository\org\springframework\spring-beans\3.2.8.RELEASE\spring-beans-3.2.8.RELEASE.jar;F:\repository\org\springframework\spring-webmvc\3.2.8.RELEASE\spring-webmvc-3.2.8.RELEASE.jar;F:\repository\org\springframework\spring-expression\3.2.8.RELEASE\spring-expression-3.2.8.RELEASE.jar;F:\repository\org\springframework\spring-jdbc\3.2.8.RELEASE\spring-jdbc-3.2.8.RELEASE.jar;F:\repository\org\springframework\spring-tx\3.2.8.RELEASE\spring-tx-3.2.8.RELEASE.jar;F:\repository\org\springframework\security\spring-security-core\3.2.3.RELEASE\spring-security-core-3.2.3.RELEASE.jar;F:\repository\aopalliance\aopalliance\1.0\aopalliance-1.0.jar;F:\repository\org\springframework\security\spring-security-web\3.2.3.RELEASE\spring-security-web-3.2.3.RELEASE.jar;F:\repository\org\springframework\security\spring-security-config\3.2.3.RELEASE\spring-security-config-3.2.3.RELEASE.jar;F:\repository\org\springframework\security\spring-security-taglibs\3.2.3.RELEASE\spring-security-taglibs-3.2.3.RELEASE.jar;F:\repository\org\springframework\security\spring-security-acl\3.2.3.RELEASE\spring-security-acl-3.2.3.RELEASE.jar;F:\repository\commons-fileupload\commons-fileupload\1.2.2\commons-fileupload-1.2.2.jar;F:\repository\javax\servlet\jstl\1.2\jstl-1.2.jar;F:\repository\org\codehaus\jackson\jackson-mapper-asl\1.9.10\jackson-mapper-asl-1.9.10.jar;F:\repository\org\codehaus\jackson\jackson-core-asl\1.9.10\jackson-core-asl-1.9.10.jar;F:\repository\org\imgscalr\imgscalr-lib\4.2\imgscalr-lib-4.2.jar;F:\repository\javax\servlet\servlet-api\2.5\servlet-api-2.5.jar;F:\repository\org\apache\commons\commons-lang3\3.1\commons-lang3-3.1.jar;F:\repository\commons-collections\commons-collections\3.2\commons-collections-3.2.jar;F:\repository\commons-io\commons-io\1.3.2\commons-io-1.3.2.jar;F:\repository\commons-beanutils\commons-beanutils\1.9.1\commons-beanutils-1.9.1.jar;F:\repository\commons-logging\commons-logging\1.1.1\commons-logging-1.1.1.jar;F:\repository\org\springframework\spring-core\3.2.8.RELEASE\spring-core-3.2.8.RELEASE.jar;F:\repository\org\springframework\spring-context\3.2.8.RELEASE\spring-context-3.2.8.RELEASE.jar;F:\repository\org\springframework\spring-context-support\3.2.8.RELEASE\spring-context-support-3.2.8.RELEASE.jar;F:\repository\org\springframework\spring-orm\3.2.8.RELEASE\spring-orm-3.2.8.RELEASE.jar;F:\repository\junit\junit\4.10\junit-4.10.jar;F:\repository\org\hamcrest\hamcrest-core\1.1\hamcrest-core-1.1.jar;F:\repository\org\mockito\mockito-all\1.9.5\mockito-all-1.9.5.jar;"/>
    <property name="java.vm.specification.version" value="1.0"/>
    <property name="sun.arch.data.model" value="64"/>
    <property name="java.home" value="F:\java\jdk1.6.0_41\jre"/>
    <property name="sun.java.command" value="C:\Users\ASRIVA~1\AppData\Local\Temp\surefirebooter1396588194209499323.jar C:\Users\ASRIVA~1\AppData\Local\Temp\surefire1078550645916189197tmp C:\Users\ASRIVA~1\AppData\Local\Temp\surefire7281106491460710411tmp"/>
    <property name="java.specification.vendor" value="Sun Microsystems Inc."/>
    <property name="user.language" value="en"/>
    <property name="awt.toolkit" value="sun.awt.windows.WToolkit"/>
    <property name="java.vm.info" value="mixed mode"/>
    <property name="java.version" value="1.6.0_41"/>
    <property name="java.ext.dirs" value="F:\java\jdk1.6.0_41\jre\lib\ext;C:\Windows\Sun\Java\lib\ext"/>
    <property name="sun.boot.class.path" value="F:\java\jdk1.6.0_41\jre\lib\resources.jar;F:\java\jdk1.6.0_41\jre\lib\rt.jar;F:\java\jdk1.6.0_41\jre\lib\sunrsasign.jar;F:\java\jdk1.6.0_41\jre\lib\jsse.jar;F:\java\jdk1.6.0_41\jre\lib\jce.jar;F:\java\jdk1.6.0_41\jre\lib\charsets.jar;F:\java\jdk1.6.0_41\jre\lib\modules\jdk.boot.jar;F:\java\jdk1.6.0_41\jre\classes"/>
    <property name="java.vendor" value="Sun Microsystems Inc."/>
    <property name="localRepository" value="F:\repository"/>
    <property name="file.separator" value="\"/>
    <property name="java.vendor.url.bug" value="http://java.sun.com/cgi-bin/bugreport.cgi"/>
    <property name="sun.cpu.endian" value="little"/>
    <property name="sun.io.unicode.encoding" value="UnicodeLittle"/>
    <property name="sun.desktop" value="windows"/>
    <property name="sun.cpu.isalist" value="amd64"/>
  </properties>
  <testcase time="0.01" classname="com.anucana.web.controllers.LoginControllerTest" name="showUserLogin"/>
  <testcase time="0" classname="com.anucana.web.controllers.LoginControllerTest" name="showForgotPassword"/>
</testsuite>