<?xml version="1.0" encoding="UTF-8" ?>
<testsuite failures="0" time="0.551" errors="0" skipped="0" tests="3" name="com.anucana.value.objects.UserProfileTest">
  <properties>
    <property name="java.runtime.name" value="Java(TM) SE Runtime Environment"/>
    <property name="sun.boot.library.path" value="C:\java\jdk1.6.0_45\jre\bin"/>
    <property name="java.vm.version" value="20.45-b01"/>
    <property name="java.vm.vendor" value="Sun Microsystems Inc."/>
    <property name="java.vendor.url" value="http://java.sun.com/"/>
    <property name="path.separator" value=";"/>
    <property name="java.vm.name" value="Java HotSpot(TM) Client VM"/>
    <property name="file.encoding.pkg" value="sun.io"/>
    <property name="user.country" value="US"/>
    <property name="sun.java.launcher" value="SUN_STANDARD"/>
    <property name="sun.os.patch.level" value="Service Pack 1"/>
    <property name="java.vm.specification.name" value="Java Virtual Machine Specification"/>
    <property name="user.dir" value="C:\ANUCANA\anucana-codebase\codebase\business"/>
    <property name="java.runtime.version" value="1.6.0_45-b06"/>
    <property name="java.awt.graphicsenv" value="sun.awt.Win32GraphicsEnvironment"/>
    <property name="basedir" value="C:\ANUCANA\anucana-codebase\codebase\business"/>
    <property name="java.endorsed.dirs" value="C:\java\jdk1.6.0_45\jre\lib\endorsed"/>
    <property name="os.arch" value="x86"/>
    <property name="surefire.real.class.path" value="C:\Users\ASRIVA~1\AppData\Local\Temp\surefirebooter7962034128567266299.jar"/>
    <property name="java.io.tmpdir" value="C:\Users\ASRIVA~1\AppData\Local\Temp\"/>
    <property name="line.separator" value="
"/>
    <property name="java.vm.specification.vendor" value="Sun Microsystems Inc."/>
    <property name="user.variant" value=""/>
    <property name="os.name" value="Windows 7"/>
    <property name="sun.jnu.encoding" value="Cp1252"/>
    <property name="java.library.path" value="C:\java\jdk1.6.0_45\jre\bin;C:\Windows\Sun\Java\bin;C:\Windows\system32;C:\Windows;C:\java\jdk1.6.0_45\bin;C:\Windows\system32;C:\Windows;C:\Windows\System32\Wbem;C:\Windows\System32\WindowsPowerShell\v1.0\;C:\java\apache-maven-3.0.4\bin;C:\java\jdk1.6.0_45\bin;C:\java\apache-maven-3.0.4\bin;C:\Program Files\TortoiseSVN\bin;C:\java\apache-ant-1.7.0\bin;C:\SOFTWARES\sonar-runner-1.2\bin;C:\PROGRA~1\XRay;C:\java\aspectj1.7\bin;C:\Program Files\MySQL\MySQL Server 5.6\bin;C:\Ruby193\bin;."/>
    <property name="surefire.test.class.path" value="C:\ANUCANA\anucana-codebase\codebase\business\target\test-classes;C:\ANUCANA\anucana-codebase\codebase\business\target\classes;C:\ANUCANA\anucana-codebase\codebase\common\target\common-1.0-SNAPSHOT.jar;C:\Users\asrivastava\.m2\repository\org\springframework\spring-jdbc\3.2.8.RELEASE\spring-jdbc-3.2.8.RELEASE.jar;C:\Users\asrivastava\.m2\repository\org\springframework\spring-beans\3.2.8.RELEASE\spring-beans-3.2.8.RELEASE.jar;C:\Users\asrivastava\.m2\repository\org\springframework\spring-tx\3.2.8.RELEASE\spring-tx-3.2.8.RELEASE.jar;C:\Users\asrivastava\.m2\repository\org\springframework\spring-orm\3.2.8.RELEASE\spring-orm-3.2.8.RELEASE.jar;C:\Users\asrivastava\.m2\repository\org\hibernate\hibernate-entitymanager\3.6.10.Final\hibernate-entitymanager-3.6.10.Final.jar;C:\Users\asrivastava\.m2\repository\cglib\cglib\2.2\cglib-2.2.jar;C:\Users\asrivastava\.m2\repository\asm\asm\3.1\asm-3.1.jar;C:\Users\asrivastava\.m2\repository\javassist\javassist\3.12.0.GA\javassist-3.12.0.GA.jar;C:\Users\asrivastava\.m2\repository\org\hibernate\javax\persistence\hibernate-jpa-2.0-api\1.0.1.Final\hibernate-jpa-2.0-api-1.0.1.Final.jar;C:\Users\asrivastava\.m2\repository\org\slf4j\slf4j-api\1.6.1\slf4j-api-1.6.1.jar;C:\Users\asrivastava\.m2\repository\org\hibernate\hibernate-validator\4.2.0.Final\hibernate-validator-4.2.0.Final.jar;C:\Users\asrivastava\.m2\repository\javax\validation\validation-api\1.0.0.GA\validation-api-1.0.0.GA.jar;C:\Users\asrivastava\.m2\repository\org\hibernate\hibernate-core\3.6.10.Final\hibernate-core-3.6.10.Final.jar;C:\Users\asrivastava\.m2\repository\dom4j\dom4j\1.6.1\dom4j-1.6.1.jar;C:\Users\asrivastava\.m2\repository\org\hibernate\hibernate-commons-annotations\3.2.0.Final\hibernate-commons-annotations-3.2.0.Final.jar;C:\Users\asrivastava\.m2\repository\javax\transaction\jta\1.1\jta-1.1.jar;C:\Users\asrivastava\.m2\repository\net\sf\ehcache\ehcache-core\2.2.0\ehcache-core-2.2.0.jar;C:\Users\asrivastava\.m2\repository\antlr\antlr\2.7.7\antlr-2.7.7.jar;C:\Users\asrivastava\.m2\repository\org\springframework\security\spring-security-core\3.2.3.RELEASE\spring-security-core-3.2.3.RELEASE.jar;C:\Users\asrivastava\.m2\repository\aopalliance\aopalliance\1.0\aopalliance-1.0.jar;C:\Users\asrivastava\.m2\repository\org\springframework\spring-aop\3.2.8.RELEASE\spring-aop-3.2.8.RELEASE.jar;C:\Users\asrivastava\.m2\repository\org\springframework\spring-expression\3.2.8.RELEASE\spring-expression-3.2.8.RELEASE.jar;C:\Users\asrivastava\.m2\repository\org\freemarker\freemarker\2.3.14\freemarker-2.3.14.jar;C:\Users\asrivastava\.m2\repository\org\springframework\spring-web\3.2.8.RELEASE\spring-web-3.2.8.RELEASE.jar;C:\Users\asrivastava\.m2\repository\org\imgscalr\imgscalr-lib\4.2\imgscalr-lib-4.2.jar;C:\Users\asrivastava\.m2\repository\net\java\dev\jets3t\jets3t\0.9.0\jets3t-0.9.0.jar;C:\Users\asrivastava\.m2\repository\commons-codec\commons-codec\1.4\commons-codec-1.4.jar;C:\Users\asrivastava\.m2\repository\commons-logging\commons-logging\1.1.1\commons-logging-1.1.1.jar;C:\Users\asrivastava\.m2\repository\org\apache\httpcomponents\httpclient\4.2\httpclient-4.2.jar;C:\Users\asrivastava\.m2\repository\org\apache\httpcomponents\httpcore\4.2.1\httpcore-4.2.1.jar;C:\Users\asrivastava\.m2\repository\com\jamesmurty\utils\java-xmlbuilder\0.4\java-xmlbuilder-0.4.jar;C:\Users\asrivastava\.m2\repository\javax\mail\mail\1.4.3\mail-1.4.3.jar;C:\Users\asrivastava\.m2\repository\javax\activation\activation\1.1\activation-1.1.jar;C:\Users\asrivastava\.m2\repository\org\apache\commons\commons-lang3\3.1\commons-lang3-3.1.jar;C:\Users\asrivastava\.m2\repository\commons-collections\commons-collections\3.2\commons-collections-3.2.jar;C:\Users\asrivastava\.m2\repository\commons-io\commons-io\1.3.2\commons-io-1.3.2.jar;C:\Users\asrivastava\.m2\repository\commons-beanutils\commons-beanutils\1.9.1\commons-beanutils-1.9.1.jar;C:\Users\asrivastava\.m2\repository\org\springframework\spring-core\3.2.8.RELEASE\spring-core-3.2.8.RELEASE.jar;C:\Users\asrivastava\.m2\repository\org\springframework\spring-context\3.2.8.RELEASE\spring-context-3.2.8.RELEASE.jar;C:\Users\asrivastava\.m2\repository\org\springframework\spring-context-support\3.2.8.RELEASE\spring-context-support-3.2.8.RELEASE.jar;C:\Users\asrivastava\.m2\repository\junit\junit\4.10\junit-4.10.jar;C:\Users\asrivastava\.m2\repository\org\hamcrest\hamcrest-core\1.1\hamcrest-core-1.1.jar;C:\Users\asrivastava\.m2\repository\org\mockito\mockito-all\1.9.5\mockito-all-1.9.5.jar;"/>
    <property name="java.specification.name" value="Java Platform API Specification"/>
    <property name="java.class.version" value="50.0"/>
    <property name="sun.management.compiler" value="HotSpot Client Compiler"/>
    <property name="os.version" value="6.1"/>
    <property name="user.home" value="C:\Users\asrivastava"/>
    <property name="user.timezone" value=""/>
    <property name="java.awt.printerjob" value="sun.awt.windows.WPrinterJob"/>
    <property name="java.specification.version" value="1.6"/>
    <property name="file.encoding" value="Cp1252"/>
    <property name="user.name" value="asrivastava"/>
    <property name="java.class.path" value="C:\ANUCANA\anucana-codebase\codebase\business\target\test-classes;C:\ANUCANA\anucana-codebase\codebase\business\target\classes;C:\ANUCANA\anucana-codebase\codebase\common\target\common-1.0-SNAPSHOT.jar;C:\Users\asrivastava\.m2\repository\org\springframework\spring-jdbc\3.2.8.RELEASE\spring-jdbc-3.2.8.RELEASE.jar;C:\Users\asrivastava\.m2\repository\org\springframework\spring-beans\3.2.8.RELEASE\spring-beans-3.2.8.RELEASE.jar;C:\Users\asrivastava\.m2\repository\org\springframework\spring-tx\3.2.8.RELEASE\spring-tx-3.2.8.RELEASE.jar;C:\Users\asrivastava\.m2\repository\org\springframework\spring-orm\3.2.8.RELEASE\spring-orm-3.2.8.RELEASE.jar;C:\Users\asrivastava\.m2\repository\org\hibernate\hibernate-entitymanager\3.6.10.Final\hibernate-entitymanager-3.6.10.Final.jar;C:\Users\asrivastava\.m2\repository\cglib\cglib\2.2\cglib-2.2.jar;C:\Users\asrivastava\.m2\repository\asm\asm\3.1\asm-3.1.jar;C:\Users\asrivastava\.m2\repository\javassist\javassist\3.12.0.GA\javassist-3.12.0.GA.jar;C:\Users\asrivastava\.m2\repository\org\hibernate\javax\persistence\hibernate-jpa-2.0-api\1.0.1.Final\hibernate-jpa-2.0-api-1.0.1.Final.jar;C:\Users\asrivastava\.m2\repository\org\slf4j\slf4j-api\1.6.1\slf4j-api-1.6.1.jar;C:\Users\asrivastava\.m2\repository\org\hibernate\hibernate-validator\4.2.0.Final\hibernate-validator-4.2.0.Final.jar;C:\Users\asrivastava\.m2\repository\javax\validation\validation-api\1.0.0.GA\validation-api-1.0.0.GA.jar;C:\Users\asrivastava\.m2\repository\org\hibernate\hibernate-core\3.6.10.Final\hibernate-core-3.6.10.Final.jar;C:\Users\asrivastava\.m2\repository\dom4j\dom4j\1.6.1\dom4j-1.6.1.jar;C:\Users\asrivastava\.m2\repository\org\hibernate\hibernate-commons-annotations\3.2.0.Final\hibernate-commons-annotations-3.2.0.Final.jar;C:\Users\asrivastava\.m2\repository\javax\transaction\jta\1.1\jta-1.1.jar;C:\Users\asrivastava\.m2\repository\net\sf\ehcache\ehcache-core\2.2.0\ehcache-core-2.2.0.jar;C:\Users\asrivastava\.m2\repository\antlr\antlr\2.7.7\antlr-2.7.7.jar;C:\Users\asrivastava\.m2\repository\org\springframework\security\spring-security-core\3.2.3.RELEASE\spring-security-core-3.2.3.RELEASE.jar;C:\Users\asrivastava\.m2\repository\aopalliance\aopalliance\1.0\aopalliance-1.0.jar;C:\Users\asrivastava\.m2\repository\org\springframework\spring-aop\3.2.8.RELEASE\spring-aop-3.2.8.RELEASE.jar;C:\Users\asrivastava\.m2\repository\org\springframework\spring-expression\3.2.8.RELEASE\spring-expression-3.2.8.RELEASE.jar;C:\Users\asrivastava\.m2\repository\org\freemarker\freemarker\2.3.14\freemarker-2.3.14.jar;C:\Users\asrivastava\.m2\repository\org\springframework\spring-web\3.2.8.RELEASE\spring-web-3.2.8.RELEASE.jar;C:\Users\asrivastava\.m2\repository\org\imgscalr\imgscalr-lib\4.2\imgscalr-lib-4.2.jar;C:\Users\asrivastava\.m2\repository\net\java\dev\jets3t\jets3t\0.9.0\jets3t-0.9.0.jar;C:\Users\asrivastava\.m2\repository\commons-codec\commons-codec\1.4\commons-codec-1.4.jar;C:\Users\asrivastava\.m2\repository\commons-logging\commons-logging\1.1.1\commons-logging-1.1.1.jar;C:\Users\asrivastava\.m2\repository\org\apache\httpcomponents\httpclient\4.2\httpclient-4.2.jar;C:\Users\asrivastava\.m2\repository\org\apache\httpcomponents\httpcore\4.2.1\httpcore-4.2.1.jar;C:\Users\asrivastava\.m2\repository\com\jamesmurty\utils\java-xmlbuilder\0.4\java-xmlbuilder-0.4.jar;C:\Users\asrivastava\.m2\repository\javax\mail\mail\1.4.3\mail-1.4.3.jar;C:\Users\asrivastava\.m2\repository\javax\activation\activation\1.1\activation-1.1.jar;C:\Users\asrivastava\.m2\repository\org\apache\commons\commons-lang3\3.1\commons-lang3-3.1.jar;C:\Users\asrivastava\.m2\repository\commons-collections\commons-collections\3.2\commons-collections-3.2.jar;C:\Users\asrivastava\.m2\repository\commons-io\commons-io\1.3.2\commons-io-1.3.2.jar;C:\Users\asrivastava\.m2\repository\commons-beanutils\commons-beanutils\1.9.1\commons-beanutils-1.9.1.jar;C:\Users\asrivastava\.m2\repository\org\springframework\spring-core\3.2.8.RELEASE\spring-core-3.2.8.RELEASE.jar;C:\Users\asrivastava\.m2\repository\org\springframework\spring-context\3.2.8.RELEASE\spring-context-3.2.8.RELEASE.jar;C:\Users\asrivastava\.m2\repository\org\springframework\spring-context-support\3.2.8.RELEASE\spring-context-support-3.2.8.RELEASE.jar;C:\Users\asrivastava\.m2\repository\junit\junit\4.10\junit-4.10.jar;C:\Users\asrivastava\.m2\repository\org\hamcrest\hamcrest-core\1.1\hamcrest-core-1.1.jar;C:\Users\asrivastava\.m2\repository\org\mockito\mockito-all\1.9.5\mockito-all-1.9.5.jar;"/>
    <property name="java.vm.specification.version" value="1.0"/>
    <property name="sun.arch.data.model" value="32"/>
    <property name="java.home" value="C:\java\jdk1.6.0_45\jre"/>
    <property name="sun.java.command" value="C:\Users\ASRIVA~1\AppData\Local\Temp\surefirebooter7962034128567266299.jar C:\Users\ASRIVA~1\AppData\Local\Temp\surefire5353002693434938676tmp C:\Users\ASRIVA~1\AppData\Local\Temp\surefire6534529358710468507tmp"/>
    <property name="java.specification.vendor" value="Sun Microsystems Inc."/>
    <property name="user.language" value="en"/>
    <property name="awt.toolkit" value="sun.awt.windows.WToolkit"/>
    <property name="java.vm.info" value="mixed mode, sharing"/>
    <property name="java.version" value="1.6.0_45"/>
    <property name="java.ext.dirs" value="C:\java\jdk1.6.0_45\jre\lib\ext;C:\Windows\Sun\Java\lib\ext"/>
    <property name="sun.boot.class.path" value="C:\java\jdk1.6.0_45\jre\lib\resources.jar;C:\java\jdk1.6.0_45\jre\lib\rt.jar;C:\java\jdk1.6.0_45\jre\lib\sunrsasign.jar;C:\java\jdk1.6.0_45\jre\lib\jsse.jar;C:\java\jdk1.6.0_45\jre\lib\jce.jar;C:\java\jdk1.6.0_45\jre\lib\charsets.jar;C:\java\jdk1.6.0_45\jre\lib\modules\jdk.boot.jar;C:\java\jdk1.6.0_45\jre\classes"/>
    <property name="java.vendor" value="Sun Microsystems Inc."/>
    <property name="localRepository" value="C:\Users\asrivastava\.m2\repository"/>
    <property name="file.separator" value="\"/>
    <property name="java.vendor.url.bug" value="http://java.sun.com/cgi-bin/bugreport.cgi"/>
    <property name="sun.cpu.endian" value="little"/>
    <property name="sun.io.unicode.encoding" value="UnicodeLittle"/>
    <property name="sun.desktop" value="windows"/>
    <property name="sun.cpu.isalist" value="pentium_pro+mmx pentium_pro pentium+mmx pentium i486 i386 i86"/>
  </properties>
  <testcase time="0.346" classname="com.anucana.value.objects.UserProfileTest" name="validateProfileHeading"/>
  <testcase time="0.001" classname="com.anucana.value.objects.UserProfileTest" name="validateSummary"/>
  <testcase time="0.004" classname="com.anucana.value.objects.UserProfileTest" name="validateSummaryForValidCharacters"/>
</testsuite>